<?xml version="1.0" encoding="UTF-8"?>
<testsuite name="com.kroy.tests.EnemyTests" tests="7" skipped="0" failures="0" errors="0" timestamp="2020-02-16T21:26:07" hostname="DESKTOP-H5SMI27" time="1.334">
  <properties/>
  <testcase name="testImproveFortress" classname="com.kroy.tests.EnemyTests" time="0.396"/>
  <testcase name="testCreatePatrol" classname="com.kroy.tests.EnemyTests" time="0.158"/>
  <testcase name="testCalculateTargets" classname="com.kroy.tests.EnemyTests" time="0.143"/>
  <testcase name="testDistributesPatrols" classname="com.kroy.tests.EnemyTests" time="0.138"/>
  <testcase name="testCreateFortress" classname="com.kroy.tests.EnemyTests" time="0.137"/>
  <testcase name="testDecideTarget" classname="com.kroy.tests.EnemyTests" time="0.168"/>
  <testcase name="testConstructor" classname="com.kroy.tests.EnemyTests" time="0.132"/>
  <system-out><![CDATA[]]></system-out>
  <system-err><![CDATA[]]></system-err>
</testsuite>
